<?xml version="1.0" encoding="UTF-8"?>
<!-- Generated by org.testng.reporters.JUnitReportReporter -->
<testsuite hostname="DESKTOP-MNBM418" failures="0" tests="2" name="mavenClasses.MavenClassTest" time="0.017" errors="0" timestamp="2022-07-24T15:43:15 IST" skipped="0">
  <testcase classname="mavenClasses.MavenClassTest" name="show" time="0.014"/>
  <system-out>
    <![CDATA[hari]]>
  </system-out>
  <testcase classname="mavenClasses.MavenClassTest" name="show1" time="0.003"/>
  <system-out>
    <![CDATA[mouni]]>
  </system-out>
</testsuite> <!-- mavenClasses.MavenClassTest -->
