<?xml version="1.0" encoding="UTF-8"?>
<!-- Generated by org.testng.reporters.JUnitReportReporter -->
<testsuite hostname="DESKTOP-MNBM418" failures="0" tests="1" name="mavenClasses.mavenTest" time="0.012" errors="0" timestamp="2022-07-24T11:10:02 IST" skipped="0">
  <testcase classname="mavenClasses.mavenTest" name="display" time="0.012"/>
  <system-out/>
</testsuite> <!-- mavenClasses.mavenTest -->
