<?xml version="1.0" encoding="UTF-8"?>
<!-- Generated by org.testng.reporters.JUnitReportReporter -->
<testsuite hostname="DESKTOP-MNBM418" failures="0" tests="2" name="mavenClasses.MavenTest" time="0.016" errors="0" timestamp="2022-07-24T15:44:08 IST" skipped="0">
  <testcase classname="mavenClasses.MavenTest" name="display" time="0.014"/>
  <system-out>
    <![CDATA[TestCase]]>
  </system-out>
  <testcase classname="mavenClasses.MavenTest" name="display1" time="0.002"/>
  <system-out>
    <![CDATA[Testcase is pass]]>
  </system-out>
</testsuite> <!-- mavenClasses.MavenTest -->
